# JRE version: OpenJDK Runtime Environment (21.0.7) (build 21.0.7+-13880790-b1038.58)
# Java VM: OpenJDK 64-Bit Server VM (21.0.7+-13880790-b1038.58, mixed mode, tiered, compressed oops, compressed class ptrs, g1 gc, windows-amd64)
GC Precious Log:
 CardTable entry size: 512
 Card Set container configuration: InlinePtr #cards 5 size 8 Array Of Cards #cards 12 size 40 Howl #buckets 4 coarsen threshold 1843 Howl Bitmap #cards 512 size 80 coarsen threshold 460 Card regions per heap region 1 cards per card region 2048
 CPUs: 12 total, 12 available
 Memory: 16068M
 Large Page Support: Disabled
 NUMA Support: Disabled
 Compressed Oops: Enabled (32-bit)
 Heap Region Size: 1M
 Heap Min Capacity: 8M
 Heap Initial Capacity: 252M
 Heap Max Capacity: 2G
 Pre-touch: Disabled
 Parallel Workers: 10
 Concurrent Workers: 3
 Concurrent Refinement Workers: 10
 Periodic GC: Disabled
Heap:
 garbage-first heap   total 158720K, used 123432K [0x0000000080000000, 0x0000000100000000)
  region size 1024K, 32 young (32768K), 3 survivors (3072K)
 Metaspace       used 70607K, committed 72384K, reserved 1114112K
  class space    used 9813K, committed 10688K, reserved 1048576K
GC Heap History (20 events):
Event: 16.310 GC heap before
{Heap before GC invocations=13 (full 0):
 garbage-first heap   total 104448K, used 69114K [0x0000000080000000, 0x0000000100000000)
  region size 1024K, 9 young (9216K), 1 survivors (1024K)
 Metaspace       used 39963K, committed 40896K, reserved 1114112K
  class space    used 5559K, committed 6016K, reserved 1048576K
}
Event: 16.315 GC heap after
{Heap after GC invocations=14 (full 0):
 garbage-first heap   total 104448K, used 61455K [0x0000000080000000, 0x0000000100000000)
  region size 1024K, 1 young (1024K), 1 survivors (1024K)
 Metaspace       used 39963K, committed 40896K, reserved 1114112K
  class space    used 5559K, committed 6016K, reserved 1048576K
}
Event: 19.163 GC heap before
{Heap before GC invocations=14 (full 0):
 garbage-first heap   total 104448K, used 93199K [0x0000000080000000, 0x0000000100000000)
  region size 1024K, 33 young (33792K), 1 survivors (1024K)
 Metaspace       used 46085K, committed 46976K, reserved 1114112K
  class space    used 6224K, committed 6656K, reserved 1048576K
}
Event: 19.175 GC heap after
{Heap after GC invocations=15 (full 0):
 garbage-first heap   total 104448K, used 64882K [0x0000000080000000, 0x0000000100000000)
  region size 1024K, 5 young (5120K), 5 survivors (5120K)
 Metaspace       used 46085K, committed 46976K, reserved 1114112K
  class space    used 6224K, committed 6656K, reserved 1048576K
}
Event: 23.411 GC heap before
{Heap before GC invocations=15 (full 0):
 garbage-first heap   total 104448K, used 90482K [0x0000000080000000, 0x0000000100000000)
  region size 1024K, 31 young (31744K), 5 survivors (5120K)
 Metaspace       used 47197K, committed 48192K, reserved 1114112K
  class space    used 6379K, committed 6848K, reserved 1048576K
}
Event: 23.422 GC heap after
{Heap after GC invocations=16 (full 0):
 garbage-first heap   total 104448K, used 67206K [0x0000000080000000, 0x0000000100000000)
  region size 1024K, 4 young (4096K), 4 survivors (4096K)
 Metaspace       used 47197K, committed 48192K, reserved 1114112K
  class space    used 6379K, committed 6848K, reserved 1048576K
}
Event: 28.006 GC heap before
{Heap before GC invocations=17 (full 0):
 garbage-first heap   total 122880K, used 97926K [0x0000000080000000, 0x0000000100000000)
  region size 1024K, 29 young (29696K), 4 survivors (4096K)
 Metaspace       used 50681K, committed 51776K, reserved 1114112K
  class space    used 6833K, committed 7360K, reserved 1048576K
}
Event: 28.016 GC heap after
{Heap after GC invocations=18 (full 0):
 garbage-first heap   total 122880K, used 68556K [0x0000000080000000, 0x0000000100000000)
  region size 1024K, 3 young (3072K), 3 survivors (3072K)
 Metaspace       used 50681K, committed 51776K, reserved 1114112K
  class space    used 6833K, committed 7360K, reserved 1048576K
}
Event: 29.988 GC heap before
{Heap before GC invocations=18 (full 0):
 garbage-first heap   total 122880K, used 111564K [0x0000000080000000, 0x0000000100000000)
  region size 1024K, 45 young (46080K), 3 survivors (3072K)
 Metaspace       used 55866K, committed 57280K, reserved 1114112K
  class space    used 7701K, committed 8384K, reserved 1048576K
}
Event: 29.997 GC heap after
{Heap after GC invocations=19 (full 0):
 garbage-first heap   total 122880K, used 70423K [0x0000000080000000, 0x0000000100000000)
  region size 1024K, 5 young (5120K), 5 survivors (5120K)
 Metaspace       used 55866K, committed 57280K, reserved 1114112K
  class space    used 7701K, committed 8384K, reserved 1048576K
}
Event: 32.264 GC heap before
{Heap before GC invocations=19 (full 0):
 garbage-first heap   total 122880K, used 81687K [0x0000000080000000, 0x0000000100000000)
  region size 1024K, 18 young (18432K), 5 survivors (5120K)
 Metaspace       used 57074K, committed 58496K, reserved 1114112K
  class space    used 7919K, committed 8576K, reserved 1048576K
}
Event: 32.276 GC heap after
{Heap after GC invocations=20 (full 0):
 garbage-first heap   total 122880K, used 72168K [0x0000000080000000, 0x0000000100000000)
  region size 1024K, 4 young (4096K), 4 survivors (4096K)
 Metaspace       used 57074K, committed 58496K, reserved 1114112K
  class space    used 7919K, committed 8576K, reserved 1048576K
}
Event: 38.101 GC heap before
{Heap before GC invocations=21 (full 0):
 garbage-first heap   total 124928K, used 123368K [0x0000000080000000, 0x0000000100000000)
  region size 1024K, 37 young (37888K), 4 survivors (4096K)
 Metaspace       used 59922K, committed 61568K, reserved 1114112K
  class space    used 8186K, committed 8960K, reserved 1048576K
}
Event: 38.117 GC heap after
{Heap after GC invocations=22 (full 0):
 garbage-first heap   total 133120K, used 93024K [0x0000000080000000, 0x0000000100000000)
  region size 1024K, 6 young (6144K), 6 survivors (6144K)
 Metaspace       used 59922K, committed 61568K, reserved 1114112K
  class space    used 8186K, committed 8960K, reserved 1048576K
}
Event: 39.952 GC heap before
{Heap before GC invocations=22 (full 0):
 garbage-first heap   total 133120K, used 119648K [0x0000000080000000, 0x0000000100000000)
  region size 1024K, 32 young (32768K), 6 survivors (6144K)
 Metaspace       used 60035K, committed 61632K, reserved 1114112K
  class space    used 8201K, committed 8960K, reserved 1048576K
}
Event: 39.963 GC heap after
{Heap after GC invocations=23 (full 0):
 garbage-first heap   total 133120K, used 93705K [0x0000000080000000, 0x0000000100000000)
  region size 1024K, 1 young (1024K), 1 survivors (1024K)
 Metaspace       used 60035K, committed 61632K, reserved 1114112K
  class space    used 8201K, committed 8960K, reserved 1048576K
}
Event: 41.460 GC heap before
{Heap before GC invocations=23 (full 0):
 garbage-first heap   total 133120K, used 124425K [0x0000000080000000, 0x0000000100000000)
  region size 1024K, 31 young (31744K), 1 survivors (1024K)
 Metaspace       used 64104K, committed 65728K, reserved 1114112K
  class space    used 8789K, committed 9600K, reserved 1048576K
}
Event: 41.466 GC heap after
{Heap after GC invocations=24 (full 0):
 garbage-first heap   total 133120K, used 94315K [0x0000000080000000, 0x0000000100000000)
  region size 1024K, 2 young (2048K), 2 survivors (2048K)
 Metaspace       used 64104K, committed 65728K, reserved 1114112K
  class space    used 8789K, committed 9600K, reserved 1048576K
}
Event: 42.882 GC heap before
{Heap before GC invocations=25 (full 0):
 garbage-first heap   total 158720K, used 120939K [0x0000000080000000, 0x0000000100000000)
  region size 1024K, 28 young (28672K), 2 survivors (2048K)
 Metaspace       used 67702K, committed 69376K, reserved 1114112K
  class space    used 9350K, committed 10176K, reserved 1048576K
}
Event: 42.891 GC heap after
{Heap after GC invocations=26 (full 0):
 garbage-first heap   total 158720K, used 95784K [0x0000000080000000, 0x0000000100000000)
  region size 1024K, 3 young (3072K), 3 survivors (3072K)
 Metaspace       used 67702K, committed 69376K, reserved 1114112K
  class space    used 9350K, committed 10176K, reserved 1048576K
}

